{"/home/douglas.funayama/study/surf-study-patterns/src/provider/waveForecast/implementations/surfLine/SurfLineProvider.ts": {"path":"/home/douglas.funayama/study/surf-study-patterns/src/provider/waveForecast/implementations/surfLine/SurfLineProvider.ts","statementMap":{"0":{"start":{"line":1,"column":0},"end":{"line":1,"column":26}},"1":{"start":{"line":3,"column":12},"end":{"line":3,"column":17}},"2":{"start":{"line":6,"column":4},"end":{"line":6,"column":25}},"3":{"start":{"line":7,"column":4},"end":{"line":7,"column":11}},"4":{"start":{"line":4,"column":0},"end":{"line":4,"column":13}}},"fnMap":{"0":{"name":"(anonymous_0)","decl":{"start":{"line":5,"column":2},"end":{"line":5,"column":7}},"loc":{"start":{"line":5,"column":32},"end":{"line":8,"column":3}}}},"branchMap":{},"s":{"0":1,"1":1,"2":1,"3":1,"4":1},"f":{"0":1},"b":{}}
,"/home/douglas.funayama/study/surf-study-patterns/src/useCase/waveForecast/implementation/WaveForecastUseCase.ts": {"path":"/home/douglas.funayama/study/surf-study-patterns/src/useCase/waveForecast/implementation/WaveForecastUseCase.ts","statementMap":{"0":{"start":{"line":4,"column":22},"end":{"line":4,"column":62}},"1":{"start":{"line":6,"column":4},"end":{"line":6,"column":60}},"2":{"start":{"line":3,"column":0},"end":{"line":3,"column":13}}},"fnMap":{"0":{"name":"(anonymous_0)","decl":{"start":{"line":4,"column":2},"end":{"line":4,"column":22}},"loc":{"start":{"line":4,"column":62},"end":{"line":4,"column":66}}},"1":{"name":"(anonymous_1)","decl":{"start":{"line":5,"column":2},"end":{"line":5,"column":7}},"loc":{"start":{"line":5,"column":58},"end":{"line":7,"column":3}}}},"branchMap":{},"s":{"0":1,"1":1,"2":1},"f":{"0":1,"1":1},"b":{}}
}
