TN:
SF:src/app.ts
FNF:0
FNH:0
DA:1,1
DA:2,1
DA:3,1
DA:4,1
DA:5,1
DA:6,1
DA:7,1
DA:8,1
DA:9,1
DA:10,1
DA:11,1
DA:12,1
DA:13,1
DA:14,1
DA:15,1
DA:16,1
DA:17,1
DA:18,1
DA:19,1
DA:20,1
DA:21,1
DA:22,1
DA:23,1
LF:23
LH:23
BRDA:15,0,0,1
BRF:1
BRH:1
end_of_record
TN:
SF:src/config/constants.ts
FN:3,get
FNF:1
FNH:1
FNDA:6,get
DA:1,1
DA:2,1
DA:3,1
LF:3
LH:3
BRDA:3,0,0,6
BRF:1
BRH:1
end_of_record
TN:
SF:src/config/providerConfig.ts
FNF:0
FNH:0
DA:1,1
DA:2,1
DA:3,1
DA:4,1
DA:5,1
DA:6,1
DA:7,1
DA:8,1
DA:9,1
DA:10,1
DA:11,1
DA:12,1
DA:13,1
DA:14,1
DA:15,1
DA:16,1
DA:17,1
DA:18,1
DA:19,1
DA:20,1
DA:21,1
DA:22,1
DA:23,1
DA:24,1
DA:25,1
DA:26,1
DA:27,1
DA:28,1
DA:29,1
DA:30,1
DA:31,1
DA:32,1
DA:33,1
DA:34,1
LF:34
LH:34
BRF:0
BRH:0
end_of_record
TN:
SF:src/controller/controller-base.ts
FN:5,_execute
FN:8,execute
FN:18,_validate
FNF:3
FNH:3
FNDA:1,_execute
FNDA:7,execute
FNDA:2,_validate
DA:1,1
DA:2,1
DA:3,1
DA:4,1
DA:5,1
DA:6,1
DA:7,1
DA:8,1
DA:9,7
DA:10,7
DA:11,3
DA:12,3
DA:13,3
DA:14,3
DA:15,3
DA:16,4
DA:17,4
DA:18,1
DA:19,2
DA:20,2
DA:21,1
LF:21
LH:21
BRDA:5,0,0,1
BRDA:8,1,0,7
BRDA:10,2,0,3
BRDA:16,3,0,4
BRDA:18,4,0,2
BRF:5
BRH:5
end_of_record
TN:
SF:src/controller/controller.ts
FNF:0
FNH:0
DA:1,1
DA:2,1
DA:3,1
DA:4,1
DA:5,1
DA:6,1
DA:7,1
DA:8,1
DA:9,1
DA:10,1
DA:11,1
DA:12,1
DA:13,1
DA:14,1
DA:15,1
DA:16,1
DA:17,1
DA:18,1
DA:19,1
DA:20,1
LF:20
LH:20
BRDA:15,0,0,1
BRF:1
BRH:1
end_of_record
TN:
SF:src/controller/waveforecast/implementations/waveforecast.controller.ts
FN:11,WaveforecastController
FN:14,_validate
FN:31,_execute
FNF:3
FNH:3
FNDA:7,WaveforecastController
FNDA:7,_validate
FNDA:4,_execute
DA:1,1
DA:2,1
DA:3,1
DA:4,1
DA:5,1
DA:6,1
DA:7,1
DA:8,1
DA:9,1
DA:10,1
DA:11,1
DA:12,7
DA:13,7
DA:14,1
DA:15,7
DA:16,2
DA:17,2
DA:18,2
DA:19,2
DA:20,2
DA:21,7
DA:22,1
DA:23,1
DA:24,1
DA:25,1
DA:26,1
DA:27,4
DA:28,4
DA:29,4
DA:30,4
DA:31,1
DA:32,4
DA:33,4
DA:34,4
DA:35,4
DA:36,4
DA:37,4
DA:38,1
DA:39,1
DA:40,1
DA:41,1
DA:42,4
DA:43,3
DA:44,1
DA:45,1
DA:46,1
DA:47,1
DA:48,1
DA:49,1
DA:50,3
DA:51,2
DA:52,2
DA:53,3
DA:54,4
DA:55,1
LF:55
LH:55
BRDA:11,0,0,7
BRDA:14,1,0,7
BRDA:15,2,0,2
BRDA:21,3,0,5
BRDA:21,4,0,1
BRDA:27,5,0,4
BRDA:31,6,0,4
BRDA:38,7,0,1
BRDA:42,8,0,3
BRDA:43,9,0,1
BRDA:50,10,0,2
BRF:11
BRH:11
end_of_record
TN:
SF:src/database/prisma.client.ts
FNF:0
FNH:0
DA:1,1
DA:2,1
DA:3,1
DA:4,1
DA:5,1
LF:5
LH:5
BRF:0
BRH:0
end_of_record
TN:
SF:src/factory/waveforecast/implementations/waveforecast.factory.ts
FN:8,createInstance
FNF:1
FNH:1
FNDA:6,createInstance
DA:1,1
DA:2,1
DA:3,1
DA:4,1
DA:5,1
DA:6,1
DA:7,1
DA:8,1
DA:9,6
DA:10,6
DA:11,6
DA:12,6
DA:13,6
DA:14,6
DA:15,6
DA:16,6
DA:17,6
DA:18,6
DA:19,1
LF:19
LH:19
BRDA:8,0,0,6
BRF:1
BRH:1
end_of_record
TN:
SF:src/mapper/surfline/implementations/surfline.mapper.ts
FN:5,surfLineWaveToDomain
FNF:1
FNH:1
FNDA:3,surfLineWaveToDomain
DA:1,1
DA:2,1
DA:3,1
DA:4,1
DA:5,1
DA:6,3
DA:7,3
DA:8,2
DA:9,2
DA:10,2
DA:11,2
DA:12,2
DA:13,2
DA:14,2
DA:15,2
DA:16,2
DA:17,2
DA:18,2
DA:19,2
DA:20,2
DA:21,2
DA:22,2
DA:23,3
DA:24,3
DA:25,1
LF:25
LH:25
BRDA:5,0,0,3
BRDA:7,1,0,2
BRDA:14,2,0,2
BRF:3
BRH:3
end_of_record
TN:
SF:src/model/surfline/associated.model.ts
FNF:0
FNH:0
DA:1,1
DA:2,1
DA:3,1
DA:4,1
DA:5,1
DA:6,1
DA:7,1
DA:8,1
DA:9,1
DA:10,1
DA:11,1
DA:12,1
DA:13,1
DA:14,1
DA:15,1
DA:16,1
DA:17,1
DA:18,1
DA:19,1
LF:19
LH:19
BRF:0
BRH:0
end_of_record
TN:
SF:src/model/surfline/index.ts
FNF:0
FNH:0
DA:1,1
DA:2,1
LF:2
LH:2
BRF:0
BRH:0
end_of_record
TN:
SF:src/model/surfline/surfline.model.ts
FN:15,SurflineData
FN:18,create
FNF:2
FNH:2
FNDA:3,SurflineData
FNDA:3,create
DA:1,1
DA:2,1
DA:3,1
DA:4,1
DA:5,1
DA:6,1
DA:7,1
DA:8,1
DA:9,1
DA:10,1
DA:11,1
DA:12,1
DA:13,1
DA:14,1
DA:15,1
DA:16,3
DA:17,3
DA:18,1
DA:19,3
DA:20,3
DA:21,3
DA:22,1
DA:23,1
DA:24,1
LF:24
LH:24
BRDA:15,0,0,3
BRDA:18,1,0,3
BRF:2
BRH:2
end_of_record
TN:
SF:src/provider/surfline/implementations/surfline/surfline.provider.ts
FN:8,SurfLineProviderClass
FN:11,getForecast
FNF:2
FNH:2
FNDA:6,SurfLineProviderClass
FNDA:3,getForecast
DA:1,1
DA:2,1
DA:3,1
DA:4,1
DA:5,1
DA:6,1
DA:7,1
DA:8,1
DA:9,6
DA:10,6
DA:11,1
DA:12,3
DA:13,3
DA:14,3
DA:15,3
DA:16,3
DA:17,3
DA:18,3
DA:19,3
DA:20,3
DA:21,3
DA:22,2
DA:23,2
DA:24,1
LF:24
LH:24
BRDA:8,0,0,6
BRDA:9,1,0,18
BRDA:11,2,0,3
BRDA:22,3,0,2
BRF:4
BRH:4
end_of_record
TN:
SF:src/repository/waveforecast/implementations/prisma-waveforecast.repository.ts
FN:6,save
FNF:1
FNH:1
FNDA:1,save
DA:1,1
DA:2,1
DA:3,1
DA:4,1
DA:5,1
DA:6,1
DA:7,1
DA:8,1
DA:9,1
DA:10,1
DA:11,1
DA:12,1
DA:13,1
DA:14,1
DA:15,1
LF:15
LH:15
BRDA:6,0,0,1
BRF:1
BRH:1
end_of_record
TN:
SF:src/service/waveforecast/implementations/waveforecast.service.ts
FN:10,WaveForecastServiceClass
FN:11,getWaveForecast
FNF:2
FNH:2
FNDA:6,WaveForecastServiceClass
FNDA:3,getWaveForecast
DA:1,1
DA:2,1
DA:3,1
DA:4,1
DA:5,1
DA:6,1
DA:7,1
DA:8,1
DA:9,1
DA:10,1
DA:11,1
DA:12,3
DA:13,3
DA:14,3
DA:15,3
DA:16,3
DA:17,3
DA:18,3
DA:19,3
DA:20,3
DA:21,0
DA:22,0
DA:23,3
DA:24,3
DA:25,1
LF:25
LH:23
BRDA:10,0,0,6
BRDA:11,1,0,3
BRDA:20,2,0,0
BRF:3
BRH:2
end_of_record
TN:
SF:src/shared/index.ts
FNF:0
FNH:0
DA:1,1
DA:2,1
DA:3,1
DA:4,1
DA:5,1
DA:6,1
DA:7,6
DA:8,6
DA:9,6
DA:10,5
DA:11,1
DA:12,1
DA:13,1
LF:13
LH:13
BRDA:6,0,0,6
BRDA:10,1,0,5
BRF:2
BRH:2
end_of_record
TN:
SF:src/shared/errors/MissingProvider.ts
FN:2,MissingProvider
FNF:1
FNH:1
FNDA:1,MissingProvider
DA:1,1
DA:2,1
DA:3,1
DA:4,1
DA:5,1
DA:6,1
LF:6
LH:6
BRDA:2,0,0,1
BRF:1
BRH:1
end_of_record
TN:
SF:src/usecase/waveforecast/implementations/waveforecast.usecase.ts
FN:4,WaveForecastUseCase
FN:5,execute
FNF:2
FNH:2
FNDA:6,WaveForecastUseCase
FNDA:3,execute
DA:1,1
DA:2,1
DA:3,1
DA:4,1
DA:5,1
DA:6,3
DA:7,2
DA:8,2
DA:9,1
LF:9
LH:9
BRDA:4,0,0,6
BRDA:5,1,0,3
BRDA:7,2,0,2
BRF:3
BRH:3
end_of_record
TN:
SF:tests/controller/mock/controller.mock.ts
FN:15,ControllerMock
FN:20,aController
FN:23,withErrorOnValidate
FN:28,withOutErrorOnValidate
FN:32,_execute
FN:38,_validate
FN:44,build
FNF:7
FNH:7
FNDA:3,ControllerMock
FNDA:3,aController
FNDA:1,withErrorOnValidate
FNDA:2,withOutErrorOnValidate
FNDA:1,_execute
FNDA:3,_validate
FNDA:3,build
DA:1,1
DA:2,1
DA:3,1
DA:4,1
DA:5,1
DA:6,1
DA:7,1
DA:8,1
DA:9,1
DA:10,1
DA:11,1
DA:12,1
DA:13,1
DA:14,1
DA:15,1
DA:16,3
DA:17,3
DA:18,3
DA:19,3
DA:20,1
DA:21,3
DA:22,3
DA:23,1
DA:24,1
DA:25,1
DA:26,1
DA:27,1
DA:28,1
DA:29,2
DA:30,2
DA:31,2
DA:32,1
DA:33,1
DA:34,1
DA:35,1
DA:36,1
DA:37,1
DA:38,1
DA:39,3
DA:40,3
DA:41,3
DA:42,3
DA:43,3
DA:44,1
DA:45,3
DA:46,3
DA:47,1
LF:47
LH:47
BRDA:15,0,0,3
BRDA:20,1,0,3
BRDA:23,2,0,1
BRDA:28,3,0,2
BRDA:32,4,0,1
BRDA:38,5,0,3
BRDA:44,6,0,3
BRF:7
BRH:7
end_of_record
TN:
SF:tests/service/waveforecast/mocks/waveforecast-gateway.mock.ts
FN:5,WaveForecastProviderMock
FN:12,aWaveForecast
FN:15,withInvalidProvider
FN:19,getForecastFunction
FN:21,getForecast
FN:24,build
FNF:6
FNH:6
FNDA:4,WaveForecastProviderMock
FNDA:4,aWaveForecast
FNDA:1,withInvalidProvider
FNDA:4,getForecastFunction
FNDA:2,getForecast
FNDA:4,build
DA:1,1
DA:2,1
DA:3,1
DA:4,1
DA:5,1
DA:6,4
DA:7,4
DA:8,4
DA:9,4
DA:10,4
DA:11,4
DA:12,1
DA:13,4
DA:14,4
DA:15,1
DA:16,1
DA:17,1
DA:18,1
DA:19,1
DA:20,4
DA:21,4
DA:22,4
DA:23,4
DA:24,1
DA:25,4
DA:26,4
DA:27,4
DA:28,4
DA:29,4
DA:30,4
DA:31,1
LF:31
LH:31
BRDA:5,0,0,4
BRDA:12,1,0,4
BRDA:15,2,0,1
BRDA:19,3,0,4
BRDA:21,4,0,2
BRDA:24,5,0,4
BRDA:26,6,0,4
BRF:7
BRH:7
end_of_record
TN:
SF:tests/shared/mocks/surfline-data.mock.ts
FN:8,SurflineDataMock
FN:52,aSurflineData
FN:55,withoutWavesInformation
FN:59,build
FNF:4
FNH:4
FNDA:3,SurflineDataMock
FNDA:3,aSurflineData
FNDA:1,withoutWavesInformation
FNDA:3,build
DA:1,1
DA:2,1
DA:3,1
DA:4,1
DA:5,1
DA:6,1
DA:7,1
DA:8,1
DA:9,3
DA:10,3
DA:11,3
DA:12,3
DA:13,3
DA:14,3
DA:15,3
DA:16,3
DA:17,3
DA:18,3
DA:19,3
DA:20,3
DA:21,3
DA:22,3
DA:23,3
DA:24,3
DA:25,3
DA:26,3
DA:27,3
DA:28,3
DA:29,3
DA:30,3
DA:31,3
DA:32,3
DA:33,3
DA:34,3
DA:35,3
DA:36,3
DA:37,3
DA:38,3
DA:39,3
DA:40,3
DA:41,3
DA:42,3
DA:43,3
DA:44,3
DA:45,3
DA:46,3
DA:47,3
DA:48,3
DA:49,3
DA:50,3
DA:51,3
DA:52,1
DA:53,3
DA:54,3
DA:55,1
DA:56,1
DA:57,1
DA:58,1
DA:59,1
DA:60,3
DA:61,3
DA:62,1
LF:62
LH:62
BRDA:8,0,0,3
BRDA:52,1,0,3
BRDA:55,2,0,1
BRDA:59,3,0,3
BRF:4
BRH:4
end_of_record
