TN:
SF:src/controller/Controller.ts
FN:9,_execute
FN:12,execute
FN:22,_validate
FNF:3
FNH:3
FNDA:1,_execute
FNDA:4,execute
FNDA:2,_validate
DA:1,1
DA:2,1
DA:3,1
DA:4,1
DA:5,1
DA:6,1
DA:7,1
DA:8,1
DA:9,1
DA:10,1
DA:11,1
DA:12,1
DA:13,4
DA:14,4
DA:15,2
DA:16,2
DA:17,2
DA:18,2
DA:19,2
DA:20,2
DA:21,2
DA:22,1
DA:23,2
DA:24,2
DA:25,1
LF:25
LH:25
BRDA:9,0,0,1
BRDA:12,1,0,4
BRDA:14,2,0,2
BRDA:22,3,0,2
BRF:4
BRH:4
end_of_record
TN:
SF:src/controller/IController.ts
FNF:0
FNH:0
DA:1,1
DA:2,1
DA:3,1
DA:4,1
DA:5,1
DA:6,1
DA:7,1
DA:8,1
DA:9,1
DA:10,1
DA:11,1
DA:12,1
DA:13,1
DA:14,1
DA:15,1
DA:16,1
DA:17,1
DA:18,1
DA:19,1
DA:20,1
LF:20
LH:20
BRDA:15,0,0,1
BRF:1
BRH:1
end_of_record
TN:
SF:src/controller/test/mock/controllerMock.ts
FN:15,ControllerMock
FN:20,aController
FN:23,withErrorOnValidate
FN:28,withOutErrorOnValidate
FN:32,_execute
FN:38,_validate
FN:44,build
FNF:7
FNH:7
FNDA:3,ControllerMock
FNDA:3,aController
FNDA:1,withErrorOnValidate
FNDA:2,withOutErrorOnValidate
FNDA:1,_execute
FNDA:3,_validate
FNDA:3,build
DA:1,1
DA:2,1
DA:3,1
DA:4,1
DA:5,1
DA:6,1
DA:7,1
DA:8,1
DA:9,1
DA:10,1
DA:11,1
DA:12,1
DA:13,1
DA:14,1
DA:15,1
DA:16,3
DA:17,3
DA:18,3
DA:19,3
DA:20,1
DA:21,3
DA:22,3
DA:23,1
DA:24,1
DA:25,1
DA:26,1
DA:27,1
DA:28,1
DA:29,2
DA:30,2
DA:31,2
DA:32,1
DA:33,1
DA:34,1
DA:35,1
DA:36,1
DA:37,1
DA:38,1
DA:39,3
DA:40,3
DA:41,3
DA:42,3
DA:43,3
DA:44,1
DA:45,3
DA:46,3
DA:47,1
LF:47
LH:47
BRDA:15,0,0,3
BRDA:20,1,0,3
BRDA:23,2,0,1
BRDA:28,3,0,2
BRDA:32,4,0,1
BRDA:38,5,0,3
BRDA:44,6,0,3
BRF:7
BRH:7
end_of_record
TN:
SF:src/controller/waveForecast/implementation/WaveForecastController.ts
FN:11,WaveForecastController
FN:14,_validate
FN:31,_execute
FNF:3
FNH:3
FNDA:4,WaveForecastController
FNDA:4,_validate
FNDA:2,_execute
DA:1,1
DA:2,1
DA:3,1
DA:4,1
DA:5,1
DA:6,1
DA:7,1
DA:8,1
DA:9,1
DA:10,1
DA:11,1
DA:12,4
DA:13,4
DA:14,1
DA:15,4
DA:16,2
DA:17,2
DA:18,2
DA:19,2
DA:20,2
DA:21,4
DA:22,0
DA:23,0
DA:24,0
DA:25,0
DA:26,0
DA:27,2
DA:28,2
DA:29,2
DA:30,2
DA:31,1
DA:32,2
DA:33,2
DA:34,2
DA:35,2
DA:36,2
DA:37,2
DA:38,2
DA:39,2
DA:40,2
DA:41,1
DA:42,1
DA:43,1
DA:44,1
DA:45,1
DA:46,1
DA:47,1
DA:48,1
DA:49,1
DA:50,1
DA:51,1
DA:52,1
DA:53,1
DA:54,1
DA:55,0
DA:56,0
DA:57,0
DA:58,0
DA:59,0
DA:60,0
DA:61,0
DA:62,2
DA:63,1
LF:63
LH:51
BRDA:11,0,0,4
BRDA:14,1,0,4
BRDA:15,2,0,2
BRDA:21,3,0,0
BRDA:27,4,0,2
BRDA:31,5,0,2
BRDA:41,6,0,1
BRDA:55,7,0,0
BRF:8
BRH:6
end_of_record
TN:
SF:src/factory/waveForecast/implementation/WaveForecastFactory.ts
FN:6,createInstance
FNF:1
FNH:1
FNDA:4,createInstance
DA:1,1
DA:2,1
DA:3,1
DA:4,1
DA:5,1
DA:6,1
DA:7,4
DA:8,4
DA:9,4
DA:10,4
DA:11,4
DA:12,4
DA:13,4
DA:14,4
DA:15,4
DA:16,4
DA:17,1
LF:17
LH:17
BRDA:6,0,0,4
BRF:1
BRH:1
end_of_record
TN:
SF:src/provider/waveForecast/implementations/surfLine/SurfLineProvider.ts
FN:5,getForecast
FNF:1
FNH:1
FNDA:1,getForecast
DA:1,1
DA:2,1
DA:3,1
DA:4,1
DA:5,1
DA:6,1
DA:7,1
DA:8,1
DA:9,1
LF:9
LH:9
BRDA:5,0,0,1
BRF:1
BRH:1
end_of_record
TN:
SF:src/services/waveForecast/implementations/WaveForecastService.ts
FN:6,WaveForecastServiceClass
FN:9,getProvider
FN:12,getWaveForecast
FNF:3
FNH:3
FNDA:4,WaveForecastServiceClass
FNDA:2,getProvider
FNDA:2,getWaveForecast
DA:1,1
DA:2,1
DA:3,1
DA:4,1
DA:5,1
DA:6,1
DA:7,4
DA:8,4
DA:9,1
DA:10,2
DA:11,2
DA:12,1
DA:13,2
DA:14,2
DA:15,2
DA:16,2
DA:17,2
DA:18,1
DA:19,1
DA:20,1
DA:21,1
DA:22,1
LF:22
LH:22
BRDA:6,0,0,4
BRDA:9,1,0,2
BRDA:12,2,0,2
BRDA:17,3,0,1
BRF:4
BRH:4
end_of_record
TN:
SF:src/services/waveForecast/implementations/test/mocks/WaveForecastProviderMock.ts
FN:5,WaveForecastProviderMock
FN:12,aWaveForecast
FN:15,withInvalidProvider
FN:19,getForecastFunction
FN:21,getForecast
FN:24,build
FNF:6
FNH:6
FNDA:3,WaveForecastProviderMock
FNDA:3,aWaveForecast
FNDA:1,withInvalidProvider
FNDA:3,getForecastFunction
FNDA:2,getForecast
FNDA:3,build
DA:1,1
DA:2,1
DA:3,1
DA:4,1
DA:5,1
DA:6,3
DA:7,3
DA:8,3
DA:9,3
DA:10,3
DA:11,3
DA:12,1
DA:13,3
DA:14,3
DA:15,1
DA:16,1
DA:17,1
DA:18,1
DA:19,1
DA:20,3
DA:21,3
DA:22,3
DA:23,3
DA:24,1
DA:25,3
DA:26,3
DA:27,3
DA:28,3
DA:29,3
DA:30,1
LF:30
LH:30
BRDA:5,0,0,3
BRDA:12,1,0,3
BRDA:15,2,0,1
BRDA:19,3,0,3
BRDA:21,4,0,2
BRDA:24,5,0,3
BRDA:25,6,0,3
BRF:7
BRH:7
end_of_record
TN:
SF:src/shared/errors/MissingProvider.ts
FN:2,MissingProvider
FNF:1
FNH:1
FNDA:1,MissingProvider
DA:1,1
DA:2,1
DA:3,1
DA:4,1
DA:5,1
DA:6,1
LF:6
LH:6
BRDA:2,0,0,1
BRF:1
BRH:1
end_of_record
TN:
SF:src/useCase/waveForecast/implementation/WaveForecastUseCase.ts
FN:4,WaveForecastUseCase
FN:5,execute
FNF:2
FNH:2
FNDA:4,WaveForecastUseCase
FNDA:2,execute
DA:1,1
DA:2,1
DA:3,1
DA:4,1
DA:5,1
DA:6,2
DA:7,2
DA:8,1
LF:8
LH:8
BRDA:4,0,0,4
BRDA:5,1,0,2
BRF:2
BRH:2
end_of_record
